#! /usr/share/iverilog-0.9.7/bin/vvp
:ivl_version "0.9.7 " "(v0_9_6)";
:vpi_time_precision + 0;
:vpi_module "system";
:vpi_module "v2005_math";
:vpi_module "va_math";
S_0xb41b60 .scope module, "test" "test" 2 1;
 .timescale 0 0;
v0xb59e70_0 .net "Enabler", 0 0, v0xb40c00_0; 1 drivers
v0xb59f10_0 .var "clear", 0 0;
v0xb59fc0_0 .var "door_closed", 0 0;
v0xb5a070_0 .var "start", 0 0;
v0xb5a150_0 .var "stop", 0 0;
v0xb5a200_0 .var "timer_done", 0 0;
S_0xb41c50 .scope module, "dut" "MagnetronControl" 2 6, 3 1, S_0xb41b60;
 .timescale 0 0;
v0xb40c00_0 .var "Enabler", 0 0;
v0xb59b00_0 .net "clear", 0 0, v0xb59f10_0; 1 drivers
v0xb59ba0_0 .net "door_closed", 0 0, v0xb59fc0_0; 1 drivers
v0xb59c40_0 .net "start", 0 0, v0xb5a070_0; 1 drivers
v0xb59cf0_0 .net "stop", 0 0, v0xb5a150_0; 1 drivers
v0xb59d90_0 .net "timer_done", 0 0, v0xb5a200_0; 1 drivers
E_0xb1dd80/0 .event edge, v0xb59cf0_0, v0xb59b00_0, v0xb59d90_0, v0xb59ba0_0;
E_0xb1dd80/1 .event edge, v0xb59c40_0;
E_0xb1dd80 .event/or E_0xb1dd80/0, E_0xb1dd80/1;
    .scope S_0xb41c50;
T_0 ;
    %wait E_0xb1dd80;
    %load/v 8, v0xb59cf0_0, 1;
    %jmp/0xz  T_0.0, 8;
    %set/v v0xb40c00_0, 0, 1;
    %jmp T_0.1;
T_0.0 ;
    %load/v 8, v0xb59b00_0, 1;
    %jmp/0xz  T_0.2, 8;
    %set/v v0xb40c00_0, 0, 1;
    %jmp T_0.3;
T_0.2 ;
    %load/v 8, v0xb59d90_0, 1;
    %jmp/0xz  T_0.4, 8;
    %set/v v0xb40c00_0, 0, 1;
    %jmp T_0.5;
T_0.4 ;
    %load/v 8, v0xb59ba0_0, 1;
    %inv 8, 1;
    %jmp/0xz  T_0.6, 8;
    %set/v v0xb40c00_0, 0, 1;
    %jmp T_0.7;
T_0.6 ;
    %load/v 8, v0xb59c40_0, 1;
    %jmp/0xz  T_0.8, 8;
    %set/v v0xb40c00_0, 1, 1;
T_0.8 ;
T_0.7 ;
T_0.5 ;
T_0.3 ;
T_0.1 ;
    %jmp T_0;
    .thread T_0, $push;
    .scope S_0xb41b60;
T_1 ;
    %vpi_call 2 9 "$dumpfile", "MagnetronControl.vcd";
    %vpi_call 2 10 "$dumpvars", 1'sb0, S_0xb41b60;
    %set/v v0xb5a070_0, 1, 1;
    %set/v v0xb5a150_0, 0, 1;
    %set/v v0xb59f10_0, 0, 1;
    %set/v v0xb59fc0_0, 1, 1;
    %set/v v0xb5a200_0, 0, 1;
    %delay 10, 0;
    %set/v v0xb5a070_0, 0, 1;
    %set/v v0xb5a150_0, 0, 1;
    %set/v v0xb59f10_0, 0, 1;
    %set/v v0xb59fc0_0, 1, 1;
    %set/v v0xb5a200_0, 0, 1;
    %delay 10, 0;
    %set/v v0xb5a070_0, 1, 1;
    %set/v v0xb5a150_0, 0, 1;
    %set/v v0xb59f10_0, 0, 1;
    %set/v v0xb59fc0_0, 0, 1;
    %set/v v0xb5a200_0, 0, 1;
    %delay 10, 0;
    %set/v v0xb5a070_0, 0, 1;
    %set/v v0xb5a150_0, 0, 1;
    %set/v v0xb59f10_0, 0, 1;
    %set/v v0xb59fc0_0, 0, 1;
    %set/v v0xb5a200_0, 0, 1;
    %delay 10, 0;
    %set/v v0xb5a070_0, 1, 1;
    %set/v v0xb5a150_0, 0, 1;
    %set/v v0xb59f10_0, 0, 1;
    %set/v v0xb59fc0_0, 1, 1;
    %set/v v0xb5a200_0, 0, 1;
    %delay 10, 0;
    %set/v v0xb5a070_0, 0, 1;
    %set/v v0xb5a150_0, 1, 1;
    %set/v v0xb59f10_0, 0, 1;
    %set/v v0xb59fc0_0, 1, 1;
    %set/v v0xb5a200_0, 0, 1;
    %delay 10, 0;
    %set/v v0xb5a070_0, 1, 1;
    %set/v v0xb5a150_0, 0, 1;
    %set/v v0xb59f10_0, 0, 1;
    %set/v v0xb59fc0_0, 1, 1;
    %set/v v0xb5a200_0, 0, 1;
    %delay 10, 0;
    %set/v v0xb5a070_0, 0, 1;
    %set/v v0xb5a150_0, 0, 1;
    %set/v v0xb59f10_0, 1, 1;
    %set/v v0xb59fc0_0, 1, 1;
    %set/v v0xb5a200_0, 0, 1;
    %delay 10, 0;
    %set/v v0xb5a070_0, 1, 1;
    %set/v v0xb5a150_0, 0, 1;
    %set/v v0xb59f10_0, 0, 1;
    %set/v v0xb59fc0_0, 1, 1;
    %set/v v0xb5a200_0, 0, 1;
    %delay 10, 0;
    %set/v v0xb5a070_0, 0, 1;
    %set/v v0xb5a150_0, 0, 1;
    %set/v v0xb59f10_0, 0, 1;
    %set/v v0xb59fc0_0, 1, 1;
    %set/v v0xb5a200_0, 1, 1;
    %delay 10, 0;
    %end;
    .thread T_1;
# The file index is used to find the file name in the following table.
:file_names 4;
    "N/A";
    "<interactive>";
    "testbench.sv";
    "design.sv";
